[debug] [2022-11-01T18:08:08.093Z] ----------------------------------------------------------------------
[debug] [2022-11-01T18:08:08.094Z] Command:       /usr/local/bin/node /usr/local/bin/firebase init hosting
[debug] [2022-11-01T18:08:08.094Z] CLI Version:   11.15.0
[debug] [2022-11-01T18:08:08.094Z] Platform:      darwin
[debug] [2022-11-01T18:08:08.094Z] Node Version:  v16.17.1
[debug] [2022-11-01T18:08:08.095Z] Time:          Tue Nov 01 2022 14:08:08 GMT-0400 (Eastern Daylight Time)
[debug] [2022-11-01T18:08:08.095Z] ----------------------------------------------------------------------
[debug] 
[debug] [2022-11-01T18:08:08.124Z] > command requires scopes: ["email","openid","https://www.googleapis.com/auth/cloudplatformprojects.readonly","https://www.googleapis.com/auth/firebase","https://www.googleapis.com/auth/cloud-platform"]
[debug] [2022-11-01T18:08:08.124Z] > authorizing via signed-in user (giannagiannadavila@gmail.com)
[info] 
     ######## #### ########  ######## ########     ###     ######  ########
     ##        ##  ##     ## ##       ##     ##  ##   ##  ##       ##
     ######    ##  ########  ######   ########  #########  ######  ######
     ##        ##  ##    ##  ##       ##     ## ##     ##       ## ##
     ##       #### ##     ## ######## ########  ##     ##  ######  ########

You're about to initialize a Firebase project in this directory:

  /Users/giannadavila/bocacode/react/albums-fullstack

Before we get started, keep in mind:

  * You are initializing within an existing Firebase project directory

[info] 
=== Project Setup
[info] 
[info] First, let's associate this project directory with a Firebase project.
[info] You can create multiple project aliases by running firebase use --add, 
[info] but for now we'll just set up a default project.
[info] 
[debug] [2022-11-01T18:08:08.125Z] Using project from CLI flag: albums-api-gd
[debug] [2022-11-01T18:08:08.126Z] >>> [apiv2][query] GET https://firebase.googleapis.com/v1beta1/projects/albums-api-gd [none]
[debug] [2022-11-01T18:08:08.437Z] <<< [apiv2][status] GET https://firebase.googleapis.com/v1beta1/projects/albums-api-gd 200
[debug] [2022-11-01T18:08:08.437Z] <<< [apiv2][body] GET https://firebase.googleapis.com/v1beta1/projects/albums-api-gd {"projectId":"albums-api-gd","projectNumber":"856992834191","displayName":"albums-api-gd","name":"projects/albums-api-gd","resources":{"hostingSite":"albums-api-gd","storageBucket":"albums-api-gd.appspot.com","locationId":"us-central"},"state":"ACTIVE","etag":"1_91514eb8-b539-4a99-aee2-a7d3bf06eaba"}
[info] i  Using project albums-api-gd (albums-api-gd) 
[info] 
=== Hosting Setup
[info] 
[info] Your public directory is the folder (relative to your project directory) that
[info] will contain Hosting assets to be uploaded with firebase deploy. If you
[info] have a build process for your assets, use your build's output directory.
[info] 
[debug] [2022-11-01T19:15:12.109Z] ----------------------------------------------------------------------
[debug] [2022-11-01T19:15:12.109Z] Command:       /usr/local/bin/node /usr/local/bin/firebase init hosting
[debug] [2022-11-01T19:15:12.110Z] CLI Version:   11.15.0
[debug] [2022-11-01T19:15:12.110Z] Platform:      darwin
[debug] [2022-11-01T19:15:12.110Z] Node Version:  v16.17.1
[debug] [2022-11-01T19:15:12.110Z] Time:          Tue Nov 01 2022 15:15:12 GMT-0400 (Eastern Daylight Time)
[debug] [2022-11-01T19:15:12.110Z] ----------------------------------------------------------------------
[debug] 
[debug] [2022-11-01T19:15:12.141Z] > command requires scopes: ["email","openid","https://www.googleapis.com/auth/cloudplatformprojects.readonly","https://www.googleapis.com/auth/firebase","https://www.googleapis.com/auth/cloud-platform"]
[debug] [2022-11-01T19:15:12.142Z] > authorizing via signed-in user (giannagiannadavila@gmail.com)
[info] 
     ######## #### ########  ######## ########     ###     ######  ########
     ##        ##  ##     ## ##       ##     ##  ##   ##  ##       ##
     ######    ##  ########  ######   ########  #########  ######  ######
     ##        ##  ##    ##  ##       ##     ## ##     ##       ## ##
     ##       #### ##     ## ######## ########  ##     ##  ######  ########

You're about to initialize a Firebase project in this directory:

  /Users/giannadavila/bocacode/react/albums-fullstack

Before we get started, keep in mind:

  * You are initializing within an existing Firebase project directory

[info] 
=== Project Setup
[info] 
[info] First, let's associate this project directory with a Firebase project.
[info] You can create multiple project aliases by running firebase use --add, 
[info] but for now we'll just set up a default project.
[info] 
[debug] [2022-11-01T19:15:12.143Z] Using project from CLI flag: albums-api-gd
[debug] [2022-11-01T19:15:12.144Z] > refreshing access token with scopes: []
[debug] [2022-11-01T19:15:12.145Z] >>> [apiv2][query] POST https://www.googleapis.com/oauth2/v3/token [none]
[debug] [2022-11-01T19:15:12.145Z] >>> [apiv2][body] POST https://www.googleapis.com/oauth2/v3/token [omitted]
[debug] [2022-11-01T19:15:12.258Z] <<< [apiv2][status] POST https://www.googleapis.com/oauth2/v3/token 200
[debug] [2022-11-01T19:15:12.258Z] <<< [apiv2][body] POST https://www.googleapis.com/oauth2/v3/token [omitted]
[debug] [2022-11-01T19:15:12.300Z] >>> [apiv2][query] GET https://firebase.googleapis.com/v1beta1/projects/albums-api-gd [none]
[debug] [2022-11-01T19:15:12.572Z] <<< [apiv2][status] GET https://firebase.googleapis.com/v1beta1/projects/albums-api-gd 200
[debug] [2022-11-01T19:15:12.572Z] <<< [apiv2][body] GET https://firebase.googleapis.com/v1beta1/projects/albums-api-gd {"projectId":"albums-api-gd","projectNumber":"856992834191","displayName":"albums-api-gd","name":"projects/albums-api-gd","resources":{"hostingSite":"albums-api-gd","storageBucket":"albums-api-gd.appspot.com","locationId":"us-central"},"state":"ACTIVE","etag":"1_91514eb8-b539-4a99-aee2-a7d3bf06eaba"}
[info] i  Using project albums-api-gd (albums-api-gd) 
[info] 
=== Hosting Setup
[info] 
[info] Your public directory is the folder (relative to your project directory) that
[info] will contain Hosting assets to be uploaded with firebase deploy. If you
[info] have a build process for your assets, use your build's output directory.
[info] 
[debug] [2022-11-01T19:18:03.478Z] ----------------------------------------------------------------------
[debug] [2022-11-01T19:18:03.479Z] Command:       /usr/local/bin/node /usr/local/bin/firebase init hosting
[debug] [2022-11-01T19:18:03.479Z] CLI Version:   11.15.0
[debug] [2022-11-01T19:18:03.479Z] Platform:      darwin
[debug] [2022-11-01T19:18:03.479Z] Node Version:  v16.17.1
[debug] [2022-11-01T19:18:03.480Z] Time:          Tue Nov 01 2022 15:18:03 GMT-0400 (Eastern Daylight Time)
[debug] [2022-11-01T19:18:03.480Z] ----------------------------------------------------------------------
[debug] 
[debug] [2022-11-01T19:18:03.510Z] > command requires scopes: ["email","openid","https://www.googleapis.com/auth/cloudplatformprojects.readonly","https://www.googleapis.com/auth/firebase","https://www.googleapis.com/auth/cloud-platform"]
[debug] [2022-11-01T19:18:03.510Z] > authorizing via signed-in user (giannagiannadavila@gmail.com)
[info] 
     ######## #### ########  ######## ########     ###     ######  ########
     ##        ##  ##     ## ##       ##     ##  ##   ##  ##       ##
     ######    ##  ########  ######   ########  #########  ######  ######
     ##        ##  ##    ##  ##       ##     ## ##     ##       ## ##
     ##       #### ##     ## ######## ########  ##     ##  ######  ########

You're about to initialize a Firebase project in this directory:

  /Users/giannadavila/bocacode/react/albums-fullstack

Before we get started, keep in mind:

  * You are initializing within an existing Firebase project directory

[info] 
=== Project Setup
[info] 
[info] First, let's associate this project directory with a Firebase project.
[info] You can create multiple project aliases by running firebase use --add, 
[info] but for now we'll just set up a default project.
[info] 
[debug] [2022-11-01T19:18:03.512Z] Using project from CLI flag: albums-api-gd
[debug] [2022-11-01T19:18:03.513Z] >>> [apiv2][query] GET https://firebase.googleapis.com/v1beta1/projects/albums-api-gd [none]
[debug] [2022-11-01T19:18:03.792Z] <<< [apiv2][status] GET https://firebase.googleapis.com/v1beta1/projects/albums-api-gd 200
[debug] [2022-11-01T19:18:03.792Z] <<< [apiv2][body] GET https://firebase.googleapis.com/v1beta1/projects/albums-api-gd {"projectId":"albums-api-gd","projectNumber":"856992834191","displayName":"albums-api-gd","name":"projects/albums-api-gd","resources":{"hostingSite":"albums-api-gd","storageBucket":"albums-api-gd.appspot.com","locationId":"us-central"},"state":"ACTIVE","etag":"1_91514eb8-b539-4a99-aee2-a7d3bf06eaba"}
[info] i  Using project albums-api-gd (albums-api-gd) 
[info] 
=== Hosting Setup
[info] 
[info] Your public directory is the folder (relative to your project directory) that
[info] will contain Hosting assets to be uploaded with firebase deploy. If you
[info] have a build process for your assets, use your build's output directory.
[info] 
